<?xml version="1.0" encoding="UTF-8" ?>
<testsuite tests="15" failures="0" name="net.onrc.openvirtex.api.service.handlers.tenant.PassingAPITest" time="0.757" errors="0" skipped="0">
  <properties>
[...]
</properties>
  <testcase classname="net.onrc.openvirtex.api.service.handlers.tenant.PassingAPITest" name="testCreateNetPass" time="0.142"/>
  <testcase classname="net.onrc.openvirtex.api.service.handlers.tenant.PassingAPITest" name="testCreateSingleSwitch" time="0.185"/>
  <testcase classname="net.onrc.openvirtex.api.service.handlers.tenant.PassingAPITest" name="testCreateBigSwitch" time="0.018"/>
  <testcase classname="net.onrc.openvirtex.api.service.handlers.tenant.PassingAPITest" name="testCreatePort" time="0.103"/>
  <testcase classname="net.onrc.openvirtex.api.service.handlers.tenant.PassingAPITest" name="testConnectHost" time="0.037"/>
  <testcase classname="net.onrc.openvirtex.api.service.handlers.tenant.PassingAPITest" name="testConnectLink" time="0.044"/>
  <testcase classname="net.onrc.openvirtex.api.service.handlers.tenant.PassingAPITest" name="testConnectRoutePass" time="0.035"/>
  <testcase classname="net.onrc.openvirtex.api.service.handlers.tenant.PassingAPITest" name="testRemoveNetPass" time="0.084"/>
  <testcase classname="net.onrc.openvirtex.api.service.handlers.tenant.PassingAPITest" name="testRemoveSwitchPass" time="0.029"/>
  <testcase classname="net.onrc.openvirtex.api.service.handlers.tenant.PassingAPITest" name="testRemovePortPass" time="0.031"/>
  <testcase classname="net.onrc.openvirtex.api.service.handlers.tenant.PassingAPITest" name="testDisconnectLinkPass" time="0.024"/>
  <testcase classname="net.onrc.openvirtex.api.service.handlers.tenant.PassingAPITest" name="testDisconnectHostPass" time="0.008"/>
  <testcase classname="net.onrc.openvirtex.api.service.handlers.tenant.PassingAPITest" name="testDisconnectRoutePass" time="0.009"/>
  <testcase classname="net.onrc.openvirtex.api.service.handlers.tenant.PassingAPITest" name="testStopNetPass" time="0.008"/>
  <testcase classname="net.onrc.openvirtex.api.service.handlers.tenant.PassingAPITest" name="testPassing" time="0"/>
</testsuite>